13:23:15.265 [TestNG-tests-1] INFO  testCases.TC_003_LoginDataDrivenTest -  Starting TC_003_LoginDataDrivenTest 
13:23:29.377 [TestNG-tests-1] INFO  testCases.TC_003_LoginDataDrivenTest -  Finished TC_003_LoginDataDrivenTest
13:23:29.413 [TestNG-tests-1] INFO  testCases.TC_003_LoginDataDrivenTest -  Starting TC_003_LoginDataDrivenTest 
13:23:41.215 [TestNG-tests-1] INFO  testCases.TC_003_LoginDataDrivenTest -  Finished TC_003_LoginDataDrivenTest
13:23:41.233 [TestNG-tests-1] INFO  testCases.TC_003_LoginDataDrivenTest -  Starting TC_003_LoginDataDrivenTest 
13:23:52.750 [TestNG-tests-1] INFO  testCases.TC_003_LoginDataDrivenTest -  Finished TC_003_LoginDataDrivenTest
13:23:52.768 [TestNG-tests-1] INFO  testCases.TC_003_LoginDataDrivenTest -  Starting TC_003_LoginDataDrivenTest 
13:24:04.168 [TestNG-tests-1] INFO  testCases.TC_003_LoginDataDrivenTest -  Finished TC_003_LoginDataDrivenTest
13:24:04.179 [TestNG-tests-1] INFO  testCases.TC_003_LoginDataDrivenTest -  Starting TC_003_LoginDataDrivenTest 
13:24:07.308 [TestNG-tests-1] INFO  testCases.TC_003_LoginDataDrivenTest -  Finished TC_003_LoginDataDrivenTest
13:33:03.823 [TestNG-tests-1] INFO  testCases.TC_003_LoginDataDrivenTest -  Starting TC_003_LoginDataDrivenTest 
13:33:18.361 [TestNG-tests-1] INFO  testCases.TC_003_LoginDataDrivenTest -  Starting TC_003_LoginDataDrivenTest 
13:33:31.749 [TestNG-tests-1] INFO  testCases.TC_003_LoginDataDrivenTest -  Starting TC_003_LoginDataDrivenTest 
13:33:43.862 [TestNG-tests-1] INFO  testCases.TC_003_LoginDataDrivenTest -  Starting TC_003_LoginDataDrivenTest 
13:33:56.948 [TestNG-tests-1] INFO  testCases.TC_003_LoginDataDrivenTest -  Starting TC_003_LoginDataDrivenTest 
13:33:59.194 [TestNG-tests-1] INFO  testCases.TC_003_LoginDataDrivenTest -  Finished TC_003_LoginDataDrivenTest
13:36:47.596 [TestNG-tests-1] INFO  testCases.TC_003_LoginDataDrivenTest -  Starting TC_003_LoginDataDrivenTest 
13:37:02.297 [TestNG-tests-1] INFO  testCases.TC_003_LoginDataDrivenTest -  Starting TC_003_LoginDataDrivenTest 
13:37:17.136 [TestNG-tests-1] INFO  testCases.TC_003_LoginDataDrivenTest -  Starting TC_003_LoginDataDrivenTest 
13:37:28.972 [TestNG-tests-1] INFO  testCases.TC_003_LoginDataDrivenTest -  Starting TC_003_LoginDataDrivenTest 
13:37:41.648 [TestNG-tests-1] INFO  testCases.TC_003_LoginDataDrivenTest -  Starting TC_003_LoginDataDrivenTest 
13:37:44.291 [TestNG-tests-1] INFO  testCases.TC_003_LoginDataDrivenTest -  Finished TC_003_LoginDataDrivenTest
13:39:43.335 [TestNG-tests-1] INFO  testCases.TC_001_AccountRegistrationTest - *** Starting TC_001_AccountRegistrationTest ***
13:39:43.552 [TestNG-tests-1] INFO  testCases.TC_001_AccountRegistrationTest - Clicked on My account link
13:39:44.362 [TestNG-tests-1] INFO  testCases.TC_001_AccountRegistrationTest - Clicked on register link
13:39:44.369 [TestNG-tests-1] INFO  testCases.TC_001_AccountRegistrationTest - Providing customer data
13:39:48.508 [TestNG-tests-1] INFO  testCases.TC_001_AccountRegistrationTest - Clicked on continue
13:39:48.603 [TestNG-tests-1] INFO  testCases.TC_001_AccountRegistrationTest - Validating expected message
13:40:49.111 [TestNG-tests-1] INFO  testCases.TC_001_AccountRegistrationTest - *** Starting TC_001_AccountRegistrationTest ***
13:40:49.304 [TestNG-tests-1] INFO  testCases.TC_001_AccountRegistrationTest - Clicked on My account link
13:40:50.321 [TestNG-tests-1] INFO  testCases.TC_001_AccountRegistrationTest - Clicked on register link
13:40:50.327 [TestNG-tests-1] INFO  testCases.TC_001_AccountRegistrationTest - Providing customer data
13:40:54.439 [TestNG-tests-1] INFO  testCases.TC_001_AccountRegistrationTest - Clicked on continue
13:40:54.532 [TestNG-tests-1] INFO  testCases.TC_001_AccountRegistrationTest - Validating expected message
13:42:50.892 [TestNG-tests-1] INFO  testCases.TC_003_LoginDataDrivenTest -  Starting TC_003_LoginDataDrivenTest 
13:42:53.886 [TestNG-tests-1] INFO  testCases.TC_003_LoginDataDrivenTest -  Finished TC_003_LoginDataDrivenTest
13:42:53.918 [TestNG-tests-1] INFO  testCases.TC_003_LoginDataDrivenTest -  Starting TC_003_LoginDataDrivenTest 
13:43:05.867 [TestNG-tests-1] INFO  testCases.TC_003_LoginDataDrivenTest -  Starting TC_003_LoginDataDrivenTest 
13:43:18.244 [TestNG-tests-1] INFO  testCases.TC_003_LoginDataDrivenTest -  Starting TC_003_LoginDataDrivenTest 
13:43:30.067 [TestNG-tests-1] INFO  testCases.TC_003_LoginDataDrivenTest -  Starting TC_003_LoginDataDrivenTest 
13:43:32.388 [TestNG-tests-1] INFO  testCases.TC_003_LoginDataDrivenTest -  Finished TC_003_LoginDataDrivenTest
16:26:36.894 [TestNG-tests-1] INFO  testCases.TC_003_LoginDataDrivenTest -  Starting TC_003_LoginDataDrivenTest 
16:26:39.819 [TestNG-tests-1] INFO  testCases.TC_003_LoginDataDrivenTest -  Finished TC_003_LoginDataDrivenTest
16:26:39.866 [TestNG-tests-1] INFO  testCases.TC_003_LoginDataDrivenTest -  Starting TC_003_LoginDataDrivenTest 
16:26:51.792 [TestNG-tests-1] INFO  testCases.TC_003_LoginDataDrivenTest -  Starting TC_003_LoginDataDrivenTest 
16:27:04.023 [TestNG-tests-1] INFO  testCases.TC_003_LoginDataDrivenTest -  Starting TC_003_LoginDataDrivenTest 
16:27:15.964 [TestNG-tests-1] INFO  testCases.TC_003_LoginDataDrivenTest -  Starting TC_003_LoginDataDrivenTest 
16:27:18.236 [TestNG-tests-1] INFO  testCases.TC_003_LoginDataDrivenTest -  Finished TC_003_LoginDataDrivenTest
17:31:00.880 [TestNG-tests-2] INFO  testCases.TC_001_AccountRegistrationTest - *** Starting TC_001_AccountRegistrationTest ***
17:31:00.880 [TestNG-tests-1] INFO  testCases.TC_001_AccountRegistrationTest - *** Starting TC_001_AccountRegistrationTest ***
17:31:01.103 [TestNG-tests-1] INFO  testCases.TC_001_AccountRegistrationTest - Clicked on My account link
17:31:01.188 [TestNG-tests-2] INFO  testCases.TC_001_AccountRegistrationTest - Clicked on My account link
17:31:11.219 [TestNG-tests-1] ERROR testCases.TC_001_AccountRegistrationTest - test failed
17:31:21.224 [TestNG-tests-2] ERROR testCases.TC_001_AccountRegistrationTest - test failed
17:37:36.751 [main] INFO  testCases.TC_001_AccountRegistrationTest - *** Starting TC_001_AccountRegistrationTest ***
17:37:36.998 [main] INFO  testCases.TC_001_AccountRegistrationTest - Clicked on My account link
17:37:37.779 [main] INFO  testCases.TC_001_AccountRegistrationTest - Clicked on register link
17:37:37.786 [main] INFO  testCases.TC_001_AccountRegistrationTest - Providing customer data
17:37:42.147 [main] INFO  testCases.TC_001_AccountRegistrationTest - Clicked on continue
17:37:42.252 [main] INFO  testCases.TC_001_AccountRegistrationTest - Validating expected message
17:37:46.195 [main] INFO  testCases.TC_002_LoginTest - **** Starting TC_002_LoginTest ****
17:37:46.345 [main] INFO  testCases.TC_002_LoginTest - Clicked on MyAccount
17:37:46.936 [main] INFO  testCases.TC_002_LoginTest - Clicked on Login
17:37:46.941 [main] INFO  testCases.TC_002_LoginTest - Providing Login Details
17:37:48.093 [main] INFO  testCases.TC_002_LoginTest - Successfully Logged In
17:37:48.892 [main] INFO  testCases.TC_002_LoginTest - **** Finished TC_002_LoginTest ****
17:41:36.275 [main] INFO  testCases.TC_001_AccountRegistrationTest - *** Starting TC_001_AccountRegistrationTest ***
17:41:36.657 [main] INFO  testCases.TC_001_AccountRegistrationTest - Clicked on My account link
17:41:38.063 [main] INFO  testCases.TC_001_AccountRegistrationTest - Clicked on register link
17:41:38.067 [main] INFO  testCases.TC_001_AccountRegistrationTest - Providing customer data
17:41:42.231 [main] INFO  testCases.TC_001_AccountRegistrationTest - Clicked on continue
17:41:42.339 [main] INFO  testCases.TC_001_AccountRegistrationTest - Validating expected message
17:41:47.644 [main] INFO  testCases.TC_002_LoginTest - **** Starting TC_002_LoginTest ****
17:41:47.838 [main] INFO  testCases.TC_002_LoginTest - Clicked on MyAccount
17:41:48.588 [main] INFO  testCases.TC_002_LoginTest - Clicked on Login
17:41:48.592 [main] INFO  testCases.TC_002_LoginTest - Providing Login Details
17:41:49.838 [main] INFO  testCases.TC_002_LoginTest - Successfully Logged In
17:41:51.281 [main] INFO  testCases.TC_002_LoginTest - **** Finished TC_002_LoginTest ****
17:43:58.326 [TestNG-tests-1] INFO  testCases.TC_001_AccountRegistrationTest - *** Starting TC_001_AccountRegistrationTest ***
17:43:58.529 [TestNG-tests-1] INFO  testCases.TC_001_AccountRegistrationTest - Clicked on My account link
17:43:59.488 [TestNG-tests-1] INFO  testCases.TC_001_AccountRegistrationTest - Clicked on register link
17:43:59.496 [TestNG-tests-1] INFO  testCases.TC_001_AccountRegistrationTest - Providing customer data
17:44:03.578 [TestNG-tests-1] INFO  testCases.TC_001_AccountRegistrationTest - Clicked on continue
17:44:03.675 [TestNG-tests-1] INFO  testCases.TC_001_AccountRegistrationTest - Validating expected message
17:44:07.454 [TestNG-tests-1] INFO  testCases.TC_002_LoginTest - **** Starting TC_002_LoginTest ****
17:44:07.607 [TestNG-tests-1] INFO  testCases.TC_002_LoginTest - Clicked on MyAccount
17:44:08.263 [TestNG-tests-1] INFO  testCases.TC_002_LoginTest - Clicked on Login
17:44:08.267 [TestNG-tests-1] INFO  testCases.TC_002_LoginTest - Providing Login Details
17:44:09.497 [TestNG-tests-1] INFO  testCases.TC_002_LoginTest - Successfully Logged In
17:44:10.294 [TestNG-tests-1] INFO  testCases.TC_002_LoginTest - **** Finished TC_002_LoginTest ****
17:44:55.845 [main] INFO  testCases.TC_003_LoginDataDrivenTest -  Starting TC_003_LoginDataDrivenTest 
17:44:58.648 [main] INFO  testCases.TC_003_LoginDataDrivenTest -  Finished TC_003_LoginDataDrivenTest
17:44:58.671 [main] INFO  testCases.TC_003_LoginDataDrivenTest -  Starting TC_003_LoginDataDrivenTest 
17:45:10.548 [main] INFO  testCases.TC_003_LoginDataDrivenTest -  Starting TC_003_LoginDataDrivenTest 
17:45:22.611 [main] INFO  testCases.TC_003_LoginDataDrivenTest -  Starting TC_003_LoginDataDrivenTest 
17:45:34.431 [main] INFO  testCases.TC_003_LoginDataDrivenTest -  Starting TC_003_LoginDataDrivenTest 
17:45:36.497 [main] INFO  testCases.TC_003_LoginDataDrivenTest -  Finished TC_003_LoginDataDrivenTest
17:46:53.155 [main] INFO  testCases.TC_001_AccountRegistrationTest - *** Starting TC_001_AccountRegistrationTest ***
17:46:53.367 [main] INFO  testCases.TC_001_AccountRegistrationTest - Clicked on My account link
17:46:54.283 [main] INFO  testCases.TC_001_AccountRegistrationTest - Clicked on register link
17:46:54.293 [main] INFO  testCases.TC_001_AccountRegistrationTest - Providing customer data
17:46:58.183 [main] INFO  testCases.TC_001_AccountRegistrationTest - Clicked on continue
17:46:58.310 [main] INFO  testCases.TC_001_AccountRegistrationTest - Validating expected message
17:47:02.081 [main] INFO  testCases.TC_002_LoginTest - **** Starting TC_002_LoginTest ****
17:47:02.227 [main] INFO  testCases.TC_002_LoginTest - Clicked on MyAccount
17:47:02.811 [main] INFO  testCases.TC_002_LoginTest - Clicked on Login
17:47:02.815 [main] INFO  testCases.TC_002_LoginTest - Providing Login Details
17:47:04.104 [main] INFO  testCases.TC_002_LoginTest - Successfully Logged In
17:47:04.897 [main] INFO  testCases.TC_002_LoginTest - **** Finished TC_002_LoginTest ****
17:49:19.475 [TestNG-tests-1] INFO  testCases.TC_001_AccountRegistrationTest - *** Starting TC_001_AccountRegistrationTest ***
17:49:19.685 [TestNG-tests-1] INFO  testCases.TC_001_AccountRegistrationTest - Clicked on My account link
17:49:20.452 [TestNG-tests-1] INFO  testCases.TC_001_AccountRegistrationTest - Clicked on register link
17:49:20.462 [TestNG-tests-1] INFO  testCases.TC_001_AccountRegistrationTest - Providing customer data
17:49:24.706 [TestNG-tests-1] INFO  testCases.TC_001_AccountRegistrationTest - Clicked on continue
17:49:24.834 [TestNG-tests-1] INFO  testCases.TC_001_AccountRegistrationTest - Validating expected message
17:49:28.516 [TestNG-tests-1] INFO  testCases.TC_002_LoginTest - **** Starting TC_002_LoginTest ****
17:49:28.670 [TestNG-tests-1] INFO  testCases.TC_002_LoginTest - Clicked on MyAccount
17:49:29.374 [TestNG-tests-1] INFO  testCases.TC_002_LoginTest - Clicked on Login
17:49:29.377 [TestNG-tests-1] INFO  testCases.TC_002_LoginTest - Providing Login Details
17:49:30.637 [TestNG-tests-1] INFO  testCases.TC_002_LoginTest - Successfully Logged In
17:49:31.398 [TestNG-tests-1] INFO  testCases.TC_002_LoginTest - **** Finished TC_002_LoginTest ****
17:50:40.418 [TestNG-tests-1] INFO  testCases.TC_001_AccountRegistrationTest - *** Starting TC_001_AccountRegistrationTest ***
17:50:40.634 [TestNG-tests-1] INFO  testCases.TC_001_AccountRegistrationTest - Clicked on My account link
17:50:41.397 [TestNG-tests-1] INFO  testCases.TC_001_AccountRegistrationTest - Clicked on register link
17:50:41.404 [TestNG-tests-1] INFO  testCases.TC_001_AccountRegistrationTest - Providing customer data
17:50:45.607 [TestNG-tests-1] INFO  testCases.TC_001_AccountRegistrationTest - Clicked on continue
17:50:45.709 [TestNG-tests-1] INFO  testCases.TC_001_AccountRegistrationTest - Validating expected message
17:51:54.157 [main] INFO  testCases.TC_003_LoginDataDrivenTest -  Starting TC_003_LoginDataDrivenTest 
17:52:00.016 [main] INFO  testCases.TC_003_LoginDataDrivenTest -  Finished TC_003_LoginDataDrivenTest
17:52:00.084 [main] INFO  testCases.TC_003_LoginDataDrivenTest -  Starting TC_003_LoginDataDrivenTest 
17:52:13.480 [main] INFO  testCases.TC_003_LoginDataDrivenTest -  Starting TC_003_LoginDataDrivenTest 
17:52:30.188 [main] INFO  testCases.TC_003_LoginDataDrivenTest -  Starting TC_003_LoginDataDrivenTest 
17:52:42.549 [main] INFO  testCases.TC_003_LoginDataDrivenTest -  Starting TC_003_LoginDataDrivenTest 
17:52:46.170 [main] INFO  testCases.TC_003_LoginDataDrivenTest -  Finished TC_003_LoginDataDrivenTest
17:53:34.675 [main] INFO  testCases.TC_003_LoginDataDrivenTest -  Starting TC_003_LoginDataDrivenTest 
17:53:47.049 [main] INFO  testCases.TC_003_LoginDataDrivenTest -  Starting TC_003_LoginDataDrivenTest 
17:53:59.148 [main] INFO  testCases.TC_003_LoginDataDrivenTest -  Starting TC_003_LoginDataDrivenTest 
21:15:05.433 [TestNG-tests-1] INFO  testCases.TC_001_AccountRegistrationTest - *** Starting TC_001_AccountRegistrationTest ***
21:15:05.668 [TestNG-tests-1] INFO  testCases.TC_001_AccountRegistrationTest - Clicked on My account link
21:15:07.244 [TestNG-tests-1] INFO  testCases.TC_001_AccountRegistrationTest - Clicked on register link
21:15:07.264 [TestNG-tests-1] INFO  testCases.TC_001_AccountRegistrationTest - Providing customer data
21:15:11.756 [TestNG-tests-1] INFO  testCases.TC_001_AccountRegistrationTest - Clicked on continue
21:15:11.873 [TestNG-tests-1] INFO  testCases.TC_001_AccountRegistrationTest - Validating expected message
21:15:16.327 [TestNG-tests-1] INFO  testCases.TC_002_LoginTest - **** Starting TC_002_LoginTest ****
21:15:16.525 [TestNG-tests-1] INFO  testCases.TC_002_LoginTest - Clicked on MyAccount
21:15:17.589 [TestNG-tests-1] INFO  testCases.TC_002_LoginTest - Clicked on Login
21:15:17.608 [TestNG-tests-1] INFO  testCases.TC_002_LoginTest - Providing Login Details
21:15:18.761 [TestNG-tests-1] INFO  testCases.TC_002_LoginTest - Successfully Logged In
21:15:19.483 [TestNG-tests-1] INFO  testCases.TC_002_LoginTest - **** Finished TC_002_LoginTest ****
21:17:16.317 [TestNG-tests-1] INFO  testCases.TC_001_AccountRegistrationTest - *** Starting TC_001_AccountRegistrationTest ***
21:17:16.578 [TestNG-tests-1] INFO  testCases.TC_001_AccountRegistrationTest - Clicked on My account link
21:17:17.856 [TestNG-tests-1] INFO  testCases.TC_001_AccountRegistrationTest - Clicked on register link
21:17:17.861 [TestNG-tests-1] INFO  testCases.TC_001_AccountRegistrationTest - Providing customer data
21:17:21.829 [TestNG-tests-1] INFO  testCases.TC_001_AccountRegistrationTest - Clicked on continue
21:17:21.993 [TestNG-tests-1] INFO  testCases.TC_001_AccountRegistrationTest - Validating expected message
21:17:25.920 [TestNG-tests-1] INFO  testCases.TC_002_LoginTest - **** Starting TC_002_LoginTest ****
21:17:26.070 [TestNG-tests-1] INFO  testCases.TC_002_LoginTest - Clicked on MyAccount
21:17:26.864 [TestNG-tests-1] INFO  testCases.TC_002_LoginTest - Clicked on Login
21:17:26.867 [TestNG-tests-1] INFO  testCases.TC_002_LoginTest - Providing Login Details
21:17:27.969 [TestNG-tests-1] INFO  testCases.TC_002_LoginTest - Successfully Logged In
21:17:28.642 [TestNG-tests-1] INFO  testCases.TC_002_LoginTest - **** Finished TC_002_LoginTest ****
21:19:40.043 [TestNG-tests-1] INFO  testCases.TC_001_AccountRegistrationTest - *** Starting TC_001_AccountRegistrationTest ***
21:19:40.303 [TestNG-tests-1] INFO  testCases.TC_001_AccountRegistrationTest - Clicked on My account link
21:19:41.051 [TestNG-tests-1] INFO  testCases.TC_001_AccountRegistrationTest - Clicked on register link
21:19:41.056 [TestNG-tests-1] INFO  testCases.TC_001_AccountRegistrationTest - Providing customer data
21:19:45.049 [TestNG-tests-1] INFO  testCases.TC_001_AccountRegistrationTest - Clicked on continue
21:19:45.155 [TestNG-tests-1] INFO  testCases.TC_001_AccountRegistrationTest - Validating expected message
21:19:50.267 [TestNG-tests-1] INFO  testCases.TC_002_LoginTest - **** Starting TC_002_LoginTest ****
21:19:50.414 [TestNG-tests-1] INFO  testCases.TC_002_LoginTest - Clicked on MyAccount
21:19:51.076 [TestNG-tests-1] INFO  testCases.TC_002_LoginTest - Clicked on Login
21:19:51.079 [TestNG-tests-1] INFO  testCases.TC_002_LoginTest - Providing Login Details
21:19:52.112 [TestNG-tests-1] INFO  testCases.TC_002_LoginTest - Successfully Logged In
21:19:52.809 [TestNG-tests-1] INFO  testCases.TC_002_LoginTest - **** Finished TC_002_LoginTest ****
21:21:45.300 [TestNG-tests-1] INFO  testCases.TC_001_AccountRegistrationTest - *** Starting TC_001_AccountRegistrationTest ***
21:21:45.505 [TestNG-tests-1] INFO  testCases.TC_001_AccountRegistrationTest - Clicked on My account link
21:21:46.903 [TestNG-tests-1] INFO  testCases.TC_001_AccountRegistrationTest - Clicked on register link
21:21:46.910 [TestNG-tests-1] INFO  testCases.TC_001_AccountRegistrationTest - Providing customer data
21:21:51.347 [TestNG-tests-1] INFO  testCases.TC_001_AccountRegistrationTest - Clicked on continue
21:21:51.497 [TestNG-tests-1] INFO  testCases.TC_001_AccountRegistrationTest - Validating expected message
21:21:51.507 [TestNG-tests-1] INFO  testCases.TC_001_AccountRegistrationTest - ***  Finished TC_001_AccountRegistrationTest ***
21:21:58.022 [TestNG-tests-1] INFO  testCases.TC_002_LoginTest - **** Starting TC_002_LoginTest ****
21:21:58.213 [TestNG-tests-1] INFO  testCases.TC_002_LoginTest - Clicked on MyAccount
21:21:58.940 [TestNG-tests-1] INFO  testCases.TC_002_LoginTest - Clicked on Login
21:21:58.943 [TestNG-tests-1] INFO  testCases.TC_002_LoginTest - Providing Login Details
21:22:00.555 [TestNG-tests-1] INFO  testCases.TC_002_LoginTest - Successfully Logged In
21:22:01.435 [TestNG-tests-1] INFO  testCases.TC_002_LoginTest - **** Finished TC_002_LoginTest ****
21:31:18.746 [TestNG-tests-1] INFO  testCases.TC_001_AccountRegistrationTest - *** Starting TC_001_AccountRegistrationTest ***
21:31:19.041 [TestNG-tests-1] INFO  testCases.TC_001_AccountRegistrationTest - Clicked on My account link
21:31:19.942 [TestNG-tests-1] INFO  testCases.TC_001_AccountRegistrationTest - Clicked on register link
21:31:19.946 [TestNG-tests-1] INFO  testCases.TC_001_AccountRegistrationTest - Providing customer data
21:31:24.046 [TestNG-tests-1] INFO  testCases.TC_001_AccountRegistrationTest - Clicked on continue
21:31:24.143 [TestNG-tests-1] INFO  testCases.TC_001_AccountRegistrationTest - Validating expected message
21:31:28.025 [TestNG-tests-1] INFO  testCases.TC_002_LoginTest - **** Starting TC_002_LoginTest ****
21:31:28.169 [TestNG-tests-1] INFO  testCases.TC_002_LoginTest - Clicked on MyAccount
21:31:28.756 [TestNG-tests-1] INFO  testCases.TC_002_LoginTest - Clicked on Login
21:31:28.758 [TestNG-tests-1] INFO  testCases.TC_002_LoginTest - Providing Login Details
21:31:29.766 [TestNG-tests-1] INFO  testCases.TC_002_LoginTest - Successfully Logged In
21:31:30.538 [TestNG-tests-1] INFO  testCases.TC_002_LoginTest - **** Finished TC_002_LoginTest ****
21:42:35.955 [TestNG-tests-1] INFO  testCases.TC_001_AccountRegistrationTest - *** Starting TC_001_AccountRegistrationTest ***
21:42:36.821 [TestNG-tests-1] INFO  testCases.TC_001_AccountRegistrationTest - Clicked on My account link
21:42:37.780 [TestNG-tests-1] INFO  testCases.TC_001_AccountRegistrationTest - Clicked on register link
21:42:37.785 [TestNG-tests-1] INFO  testCases.TC_001_AccountRegistrationTest - Providing customer data
21:42:42.338 [TestNG-tests-1] INFO  testCases.TC_001_AccountRegistrationTest - Clicked on continue
21:42:42.483 [TestNG-tests-1] INFO  testCases.TC_001_AccountRegistrationTest - Validating expected message
21:42:47.231 [TestNG-tests-1] INFO  testCases.TC_002_LoginTest - **** Starting TC_002_LoginTest ****
21:42:47.400 [TestNG-tests-1] INFO  testCases.TC_002_LoginTest - Clicked on MyAccount
21:42:48.263 [TestNG-tests-1] INFO  testCases.TC_002_LoginTest - Clicked on Login
21:42:48.266 [TestNG-tests-1] INFO  testCases.TC_002_LoginTest - Providing Login Details
21:42:49.415 [TestNG-tests-1] INFO  testCases.TC_002_LoginTest - Successfully Logged In
21:42:50.313 [TestNG-tests-1] INFO  testCases.TC_002_LoginTest - **** Finished TC_002_LoginTest ****
21:43:39.403 [TestNG-tests-1] INFO  testCases.TC_001_AccountRegistrationTest - *** Starting TC_001_AccountRegistrationTest ***
21:43:40.330 [TestNG-tests-1] INFO  testCases.TC_001_AccountRegistrationTest - Clicked on My account link
21:43:43.293 [TestNG-tests-1] INFO  testCases.TC_001_AccountRegistrationTest - Clicked on register link
21:43:43.298 [TestNG-tests-1] INFO  testCases.TC_001_AccountRegistrationTest - Providing customer data
21:43:49.270 [TestNG-tests-1] INFO  testCases.TC_001_AccountRegistrationTest - Clicked on continue
21:43:49.431 [TestNG-tests-1] INFO  testCases.TC_001_AccountRegistrationTest - Validating expected message
21:43:57.471 [TestNG-tests-1] INFO  testCases.TC_002_LoginTest - **** Starting TC_002_LoginTest ****
21:43:57.687 [TestNG-tests-1] INFO  testCases.TC_002_LoginTest - Clicked on MyAccount
21:43:58.685 [TestNG-tests-1] INFO  testCases.TC_002_LoginTest - Clicked on Login
21:43:58.689 [TestNG-tests-1] INFO  testCases.TC_002_LoginTest - Providing Login Details
21:44:00.085 [TestNG-tests-1] INFO  testCases.TC_002_LoginTest - Successfully Logged In
21:44:00.874 [TestNG-tests-1] INFO  testCases.TC_002_LoginTest - **** Finished TC_002_LoginTest ****
02:12:43.004 [TestNG-tests-1] INFO  testCases.TC_001_AccountRegistrationTest - *** Starting TC_001_AccountRegistrationTest ***
02:12:43.369 [TestNG-tests-1] INFO  testCases.TC_001_AccountRegistrationTest - Clicked on My account link
02:12:44.749 [TestNG-tests-1] INFO  testCases.TC_001_AccountRegistrationTest - Clicked on register link
02:12:44.756 [TestNG-tests-1] INFO  testCases.TC_001_AccountRegistrationTest - Providing customer data
02:12:50.547 [TestNG-tests-1] INFO  testCases.TC_001_AccountRegistrationTest - Clicked on continue
02:12:50.792 [TestNG-tests-1] INFO  testCases.TC_001_AccountRegistrationTest - Validating expected message
02:12:50.797 [TestNG-tests-1] INFO  testCases.TC_001_AccountRegistrationTest - ***  Finished TC_001_AccountRegistrationTest ***
02:12:59.484 [TestNG-tests-1] INFO  testCases.TC_002_LoginTest - **** Starting TC_002_LoginTest ****
02:12:59.936 [TestNG-tests-1] INFO  testCases.TC_002_LoginTest - Clicked on MyAccount
02:13:01.500 [TestNG-tests-1] INFO  testCases.TC_002_LoginTest - Clicked on Login
02:13:01.503 [TestNG-tests-1] INFO  testCases.TC_002_LoginTest - Providing Login Details
02:13:03.589 [TestNG-tests-1] INFO  testCases.TC_002_LoginTest - Successfully Logged In
02:13:04.649 [TestNG-tests-1] INFO  testCases.TC_002_LoginTest - **** Finished TC_002_LoginTest ****
02:15:56.577 [TestNG-tests-1] INFO  testCases.TC_001_AccountRegistrationTest - *** Starting TC_001_AccountRegistrationTest ***
02:15:58.015 [TestNG-tests-1] INFO  testCases.TC_001_AccountRegistrationTest - Clicked on My account link
02:15:59.616 [TestNG-tests-1] INFO  testCases.TC_001_AccountRegistrationTest - Clicked on register link
02:15:59.622 [TestNG-tests-1] INFO  testCases.TC_001_AccountRegistrationTest - Providing customer data
02:16:05.065 [TestNG-tests-1] INFO  testCases.TC_001_AccountRegistrationTest - Clicked on continue
02:16:05.242 [TestNG-tests-1] INFO  testCases.TC_001_AccountRegistrationTest - Validating expected message
02:16:05.255 [TestNG-tests-1] INFO  testCases.TC_001_AccountRegistrationTest - ***  Finished TC_001_AccountRegistrationTest ***
02:16:11.542 [TestNG-tests-1] INFO  testCases.TC_002_LoginTest - **** Starting TC_002_LoginTest ****
02:16:12.453 [TestNG-tests-1] INFO  testCases.TC_002_LoginTest - Clicked on MyAccount
02:16:13.555 [TestNG-tests-1] INFO  testCases.TC_002_LoginTest - Clicked on Login
02:16:13.562 [TestNG-tests-1] INFO  testCases.TC_002_LoginTest - Providing Login Details
02:16:15.543 [TestNG-tests-1] INFO  testCases.TC_002_LoginTest - Successfully Logged In
02:16:16.631 [TestNG-tests-1] INFO  testCases.TC_002_LoginTest - **** Finished TC_002_LoginTest ****
02:37:40.566 [TestNG-tests-1] INFO  testCases.TC_004_SearchProductTest -  Starting TC_004_SearchProductTest 
02:37:43.885 [TestNG-tests-1] INFO  testCases.TC_004_SearchProductTest -  Finished TC_004_SearchProductTest 
02:38:41.961 [TestNG-tests-1] INFO  testCases.TC_005_AddToCartPageTest -  Starting TC_005_AddToCartPageTest 
02:38:46.361 [TestNG-tests-1] INFO  testCases.TC_005_AddToCartPageTest -  Finished TC_004_SearchProductTest 
